<?xml version="1.0" encoding="UTF-8"?>
<!-- Generated by org.testng.reporters.JUnitReportReporter -->
<testsuite hostname="scopian" failures="1" tests="23" name="testnextsp.AddProductTest" time="5.174" errors="0" timestamp="07 thg 3 2024 08:04:44 GMT" skipped="22">
  <testcase classname="testnextsp.AddProductTest" name="TC_06_productNameFieldSymbolCheck" time="0.000">
    <skipped/>
  </testcase> <!-- TC_06_productNameFieldSymbolCheck -->
  <testcase classname="testnextsp.AddProductTest" name="TC_16_descriptionFieldMinLengthCheck" time="0.000">
    <skipped/>
  </testcase> <!-- TC_16_descriptionFieldMinLengthCheck -->
  <testcase classname="testnextsp.AddProductTest" name="TC_01_openform" time="0.000">
    <skipped/>
  </testcase> <!-- TC_01_openform -->
  <testcase classname="testnextsp.AddProductTest" name="TC_03_CheckProduct" time="0.000">
    <skipped/>
  </testcase> <!-- TC_03_CheckProduct -->
  <testcase classname="testnextsp.AddProductTest" name="TC_22_descriptionFieldMaxValueCheck" time="0.000">
    <skipped/>
  </testcase> <!-- TC_22_descriptionFieldMaxValueCheck -->
  <testcase classname="testnextsp.AddProductTest" name="TC_9_descriptionFieldSymbolCheck" time="0.000">
    <skipped/>
  </testcase> <!-- TC_9_descriptionFieldSymbolCheck -->
  <testcase classname="testnextsp.AddProductTest" name="TC_12_oldPriceFieldMaxLengthCheck" time="0.000">
    <skipped/>
  </testcase> <!-- TC_12_oldPriceFieldMaxLengthCheck -->
  <testcase classname="testnextsp.AddProductTest" name="TC_19_priceFieldMaxValueCheck" time="0.000">
    <skipped/>
  </testcase> <!-- TC_19_priceFieldMaxValueCheck -->
  <testcase classname="testnextsp.AddProductTest" name="TC_07_priceFieldSymbolCheck" time="0.000">
    <skipped/>
  </testcase> <!-- TC_07_priceFieldSymbolCheck -->
  <testcase classname="testnextsp.AddProductTest" name="TC_02_AddProduct" time="0.000">
    <skipped/>
  </testcase> <!-- TC_02_AddProduct -->
  <testcase classname="testnextsp.AddProductTest" name="TC_18_oldPriceFieldMinValueCheck" time="0.000">
    <skipped/>
  </testcase> <!-- TC_18_oldPriceFieldMinValueCheck -->
  <testcase classname="testnextsp.AddProductTest" name="TC_04_EmptyField" time="0.000">
    <skipped/>
  </testcase> <!-- TC_04_EmptyField -->
  <testcase classname="testnextsp.AddProductTest" name="TC_15_oldPriceFieldMinLengthCheck" time="0.000">
    <skipped/>
  </testcase> <!-- TC_15_oldPriceFieldMinLengthCheck -->
  <testcase classname="testnextsp.AddProductTest" name="TC_05_CheckDropdown" time="0.000">
    <skipped/>
  </testcase> <!-- TC_05_CheckDropdown -->
  <testcase classname="testnextsp.AddProductTest" name="TC_13_descriptionFieldMaxLengthCheck" time="0.000">
    <skipped/>
  </testcase> <!-- TC_13_descriptionFieldMaxLengthCheck -->
  <testcase classname="testnextsp.AddProductTest" name="TC_21_descriptionFieldMinValueCheck" time="0.000">
    <skipped/>
  </testcase> <!-- TC_21_descriptionFieldMinValueCheck -->
  <testcase classname="testnextsp.AddProductTest" name="TC_08_oldPriceFieldSymbolCheck" time="0.000">
    <skipped/>
  </testcase> <!-- TC_08_oldPriceFieldSymbolCheck -->
  <testcase classname="testnextsp.AddProductTest" name="TC_14_checkminlength" time="0.000">
    <skipped/>
  </testcase> <!-- TC_14_checkminlength -->
  <testcase classname="testnextsp.AddProductTest" name="TC_10_productNameFieldMaxLengthCheck" time="0.000">
    <skipped/>
  </testcase> <!-- TC_10_productNameFieldMaxLengthCheck -->
  <testcase classname="testnextsp.AddProductTest" name="TC_17_priceFieldMinValueCheck" time="0.000">
    <skipped/>
  </testcase> <!-- TC_17_priceFieldMinValueCheck -->
  <testcase classname="testnextsp.AddProductTest" name="TC_11_priceFieldMaxLengthCheck" time="0.000">
    <skipped/>
  </testcase> <!-- TC_11_priceFieldMaxLengthCheck -->
  <testcase classname="testnextsp.AddProductTest" name="TC_20_oldPriceFieldMaxValueCheck" time="0.000">
    <skipped/>
  </testcase> <!-- TC_20_oldPriceFieldMaxValueCheck -->
  <testcase classname="testnextsp.AddProductTest" name="beforeClass" time="5.174">
    <failure message="expected [https://admin.nextsp-server.id.vn/products] but found [https://admin.nextsp-server.id.vn/login]" type="java.lang.AssertionError">
      <![CDATA[java.lang.AssertionError: expected [https://admin.nextsp-server.id.vn/products] but found [https://admin.nextsp-server.id.vn/login]
at org.testng.Assert.fail(Assert.java:96)
at org.testng.Assert.failNotEquals(Assert.java:776)
at org.testng.Assert.assertEqualsImpl(Assert.java:137)
at org.testng.Assert.assertEquals(Assert.java:118)
at org.testng.Assert.assertEquals(Assert.java:453)
at org.testng.Assert.assertEquals(Assert.java:463)
at testnextsp.AddProductTest.beforeClass(AddProductTest.java:49)
at java.base/jdk.internal.reflect.DirectMethodHandleAccessor.invoke(DirectMethodHandleAccessor.java:104)
at java.base/java.lang.reflect.Method.invoke(Method.java:578)
at org.testng.internal.MethodInvocationHelper.invokeMethod(MethodInvocationHelper.java:124)
at org.testng.internal.MethodInvocationHelper.invokeMethodConsideringTimeout(MethodInvocationHelper.java:59)
at org.testng.internal.Invoker.invokeConfigurationMethod(Invoker.java:458)
at org.testng.internal.Invoker.invokeConfigurations(Invoker.java:222)
at org.testng.internal.Invoker.invokeConfigurations(Invoker.java:142)
at org.testng.internal.TestMethodWorker.invokeBeforeClassMethods(TestMethodWorker.java:168)
at org.testng.internal.TestMethodWorker.run(TestMethodWorker.java:105)
at org.testng.TestRunner.privateRun(TestRunner.java:648)
at org.testng.TestRunner.run(TestRunner.java:505)
at org.testng.SuiteRunner.runTest(SuiteRunner.java:455)
at org.testng.SuiteRunner.runSequentially(SuiteRunner.java:450)
at org.testng.SuiteRunner.privateRun(SuiteRunner.java:415)
at org.testng.SuiteRunner.run(SuiteRunner.java:364)
at org.testng.SuiteRunnerWorker.runSuite(SuiteRunnerWorker.java:52)
at org.testng.SuiteRunnerWorker.run(SuiteRunnerWorker.java:84)
at org.testng.TestNG.runSuitesSequentially(TestNG.java:1208)
at org.testng.TestNG.runSuitesLocally(TestNG.java:1137)
at org.testng.TestNG.runSuites(TestNG.java:1049)
at org.testng.TestNG.run(TestNG.java:1017)
at org.testng.remote.AbstractRemoteTestNG.run(AbstractRemoteTestNG.java:115)
at org.testng.remote.RemoteTestNG.initAndRun(RemoteTestNG.java:251)
at org.testng.remote.RemoteTestNG.main(RemoteTestNG.java:77)
]]>
    </failure>
  </testcase> <!-- beforeClass -->
</testsuite> <!-- testnextsp.AddProductTest -->
