<?xml version="1.0" encoding="UTF-8"?>
<!-- Generated by org.testng.reporters.JUnitReportReporter -->
<testsuite hostname="scopian" failures="0" tests="1" name="testnextsp.AddProductTest" time="0.451" errors="0" timestamp="14 thg 3 2024 17:24:01 GMT" skipped="0">
  <testcase classname="testnextsp.AddProductTest" name="useDataFromExcel" time="0.451"/>
</testsuite> <!-- testnextsp.AddProductTest -->
