<?xml version="1.0" encoding="UTF-8"?>
<!-- Generated by org.testng.reporters.JUnitReportReporter -->
<testsuite hostname="scopian" failures="0" tests="2" name="democode.BaiTap3" time="14.990" errors="0" timestamp="19 thg 1 2024 12:08:34 GMT" skipped="0">
  <testcase classname="democode.BaiTap3" name="TC_02_testElement" time="13.958"/>
  <testcase classname="democode.BaiTap3" name="TC_01_Url" time="1.032"/>
</testsuite> <!-- democode.BaiTap3 -->
