<?xml version="1.0" encoding="UTF-8"?>
<!-- Generated by org.testng.reporters.JUnitReportReporter -->
<testsuite hostname="scopian" failures="0" tests="1" name="TH7.B5" time="0.010" errors="0" timestamp="22 thg 3 2024 12:13:49 GMT" skipped="0">
  <testcase classname="TH7.B5" name="ReadJSON_API" time="0.010"/>
</testsuite> <!-- TH7.B5 -->
