<?xml version="1.0" encoding="UTF-8"?>
<!-- Generated by org.testng.reporters.JUnitReportReporter -->
<testsuite hostname="scopian" failures="0" tests="4" name="testnextsp.TextTest" time="7.756" errors="0" timestamp="24 thg 2 2024 14:17:18 GMT" skipped="0">
  <testcase classname="testnextsp.TextTest" name="TC_04_TextInForm" time="5.280"/>
  <testcase classname="testnextsp.TextTest" name="TC_02_CheckFieldNames" time="0.125"/>
  <testcase classname="testnextsp.TextTest" name="TC_03_TextOnButtons" time="0.314"/>
  <testcase classname="testnextsp.TextTest" name="TC_01_TextOnSideBar" time="2.037"/>
</testsuite> <!-- testnextsp.TextTest -->
