<?xml version="1.0" encoding="UTF-8"?>
<!-- Generated by org.testng.reporters.JUnitReportReporter -->
<testsuite hostname="scopian" failures="0" tests="1" name="democode.BaiTap4" time="8.413" errors="0" timestamp="19 thg 1 2024 12:16:23 GMT" skipped="0">
  <testcase classname="democode.BaiTap4" name="TC_01_getinfoweb" time="8.413"/>
</testsuite> <!-- democode.BaiTap4 -->
