<?xml version="1.0" encoding="UTF-8"?>
<!-- Generated by org.testng.reporters.JUnitReportReporter -->
<testsuite hostname="scopian" failures="0" tests="2" name="democode.CheckEnviroment" time="0.019" errors="0" timestamp="19 thg 1 2024 11:16:43 GMT" skipped="0">
  <testcase classname="democode.CheckEnviroment" name="TC_02_Title" time="0.007"/>
  <testcase classname="democode.CheckEnviroment" name="TC_01_Url" time="0.012"/>
</testsuite> <!-- democode.CheckEnviroment -->
