<?xml version="1.0" encoding="UTF-8"?>
<!-- Generated by org.testng.reporters.JUnitReportReporter -->
<testsuite hostname="scopian" failures="0" tests="2" name="democode.BaiTap2" time="0.365" errors="0" timestamp="22 thg 2 2024 04:17:32 GMT" skipped="0">
  <testcase classname="democode.BaiTap2" name="TC_01_Url" time="0.019"/>
  <testcase classname="democode.BaiTap2" name="TC_02_login" time="0.346"/>
</testsuite> <!-- democode.BaiTap2 -->
