<?xml version="1.0" encoding="UTF-8"?>
<!-- Generated by org.testng.reporters.JUnitReportReporter -->
<testsuite hostname="scopian" failures="0" tests="3" name="ManageAuto.WebDriverManager_TestNG" time="147.240" errors="0" timestamp="01 thg 3 2024 11:42:00 GMT" skipped="0">
  <testcase classname="ManageAuto.WebDriverManager_TestNG" name="SeleniumTest2" time="128.779"/>
  <testcase classname="ManageAuto.WebDriverManager_TestNG" name="SeleniumTest3" time="15.178"/>
  <testcase classname="ManageAuto.WebDriverManager_TestNG" name="SeleniumTest1" time="3.283"/>
</testsuite> <!-- ManageAuto.WebDriverManager_TestNG -->
