<?xml version="1.0" encoding="UTF-8"?>
<!-- Generated by org.testng.reporters.JUnitReportReporter -->
<testsuite hostname="scopian" failures="0" tests="1" name="testnextsp.DeleteProduct" time="3.506" errors="0" timestamp="24 thg 3 2024 15:13:27 GMT" skipped="0">
  <testcase classname="testnextsp.DeleteProduct" name="deleteProduct" time="3.506"/>
</testsuite> <!-- testnextsp.DeleteProduct -->
