<?xml version="1.0" encoding="UTF-8"?>
<!-- Generated by org.testng.reporters.JUnitReportReporter -->
<testsuite hostname="scopian" failures="0" tests="1" name="TH7.B4" time="0.595" errors="0" timestamp="22 thg 3 2024 12:04:57 GMT" skipped="0">
  <testcase classname="TH7.B4" name="ReadJSON_API" time="0.595"/>
</testsuite> <!-- TH7.B4 -->
